<?xml version="1.0" encoding="UTF-8"?>
<!-- Generated by org.testng.reporters.JUnitXMLReporter -->
<testsuite ignored="0" hostname="LAPTOP-FPGTDNG8" failures="0" tests="4" name="Test" time="0.059" errors="0" timestamp="2021-06-08T16:39:13 EDT">
  <testcase classname="mavenProject.mavenJava.RestAPITest" name="PostJira" time="0.005"/>
  <testcase classname="mavenProject.mavenJava.RestAPITest" name="deleteTwitter" time="0.0"/>
  <testcase classname="mavenProject.mavenJava.SeleniumTest" name="BrowserAutomation" time="0.0"/>
  <testcase classname="mavenProject.mavenJava.SeleniumTest" name="elementUI" time="0.0"/>
</testsuite> <!-- Test -->
