<?xml version="1.0" encoding="UTF-8"?>
<testng-results ignored="0" total="4" passed="4" failed="0" skipped="0">
  <reporter-output>
  </reporter-output>
  <suite started-at="2021-06-08T16:39:12 EDT" name="Suite" finished-at="2021-06-08T16:39:13 EDT" duration-ms="59">
    <groups>
    </groups>
    <test started-at="2021-06-08T16:39:12 EDT" name="Test" finished-at="2021-06-08T16:39:13 EDT" duration-ms="59">
      <class name="mavenProject.mavenJava.SeleniumTest">
        <test-method signature="elementUI()[pri:0, instance:mavenProject.mavenJava.SeleniumTest@4b44655e]" started-at="2021-06-08T16:39:13 EDT" name="elementUI" finished-at="2021-06-08T16:39:13 EDT" duration-ms="0" status="PASS">
          <reporter-output>
          </reporter-output>
        </test-method> <!-- elementUI -->
        <test-method signature="BrowserAutomation()[pri:0, instance:mavenProject.mavenJava.SeleniumTest@4b44655e]" started-at="2021-06-08T16:39:13 EDT" name="BrowserAutomation" finished-at="2021-06-08T16:39:13 EDT" duration-ms="0" status="PASS">
          <reporter-output>
          </reporter-output>
        </test-method> <!-- BrowserAutomation -->
      </class> <!-- mavenProject.mavenJava.SeleniumTest -->
      <class name="mavenProject.mavenJava.RestAPITest">
        <test-method signature="PostJira()[pri:0, instance:mavenProject.mavenJava.RestAPITest@1a0dcaa]" started-at="2021-06-08T16:39:13 EDT" name="PostJira" finished-at="2021-06-08T16:39:13 EDT" duration-ms="5" status="PASS">
          <reporter-output>
          </reporter-output>
        </test-method> <!-- PostJira -->
        <test-method signature="deleteTwitter()[pri:0, instance:mavenProject.mavenJava.RestAPITest@1a0dcaa]" started-at="2021-06-08T16:39:13 EDT" name="deleteTwitter" finished-at="2021-06-08T16:39:13 EDT" duration-ms="0" status="PASS">
          <reporter-output>
          </reporter-output>
        </test-method> <!-- deleteTwitter -->
      </class> <!-- mavenProject.mavenJava.RestAPITest -->
    </test> <!-- Test -->
  </suite> <!-- Suite -->
</testng-results>
